Built target ament_cmake_python_symlink_ur5e_collision_avoidance
running egg_info
writing ur5e_collision_avoidance.egg-info/PKG-INFO
writing dependency_links to ur5e_collision_avoidance.egg-info/dependency_links.txt
writing top-level names to ur5e_collision_avoidance.egg-info/top_level.txt
reading manifest file 'ur5e_collision_avoidance.egg-info/SOURCES.txt'
writing manifest file 'ur5e_collision_avoidance.egg-info/SOURCES.txt'
Built target ament_cmake_python_build_ur5e_collision_avoidance_egg
-- Install configuration: ""
-- Execute custom install script
-- Up-to-date symlink: /home/deea/ros2_ws/src/ur5e_collision_avoidance/install/ur5e_collision_avoidance/share/ur5e_collision_avoidance/environment/pythonpath.sh
-- Up-to-date symlink: /home/deea/ros2_ws/src/ur5e_collision_avoidance/install/ur5e_collision_avoidance/share/ur5e_collision_avoidance/environment/pythonpath.dsv
-- Up-to-date symlink: /home/deea/ros2_ws/src/ur5e_collision_avoidance/install/ur5e_collision_avoidance/local/lib/python3.10/dist-packages/ur5e_collision_avoidance-1.0.0-py3.10.egg-info/PKG-INFO
-- Up-to-date symlink: /home/deea/ros2_ws/src/ur5e_collision_avoidance/install/ur5e_collision_avoidance/local/lib/python3.10/dist-packages/ur5e_collision_avoidance-1.0.0-py3.10.egg-info/SOURCES.txt
-- Up-to-date symlink: /home/deea/ros2_ws/src/ur5e_collision_avoidance/install/ur5e_collision_avoidance/local/lib/python3.10/dist-packages/ur5e_collision_avoidance-1.0.0-py3.10.egg-info/dependency_links.txt
-- Up-to-date symlink: /home/deea/ros2_ws/src/ur5e_collision_avoidance/install/ur5e_collision_avoidance/local/lib/python3.10/dist-packages/ur5e_collision_avoidance-1.0.0-py3.10.egg-info/top_level.txt
-- Up-to-date symlink: /home/deea/ros2_ws/src/ur5e_collision_avoidance/install/ur5e_collision_avoidance/local/lib/python3.10/dist-packages/ur5e_collision_avoidance/__init__.py
-- Up-to-date symlink: /home/deea/ros2_ws/src/ur5e_collision_avoidance/install/ur5e_collision_avoidance/local/lib/python3.10/dist-packages/ur5e_collision_avoidance/scripts/collision_monitor.py
-- Up-to-date symlink: /home/deea/ros2_ws/src/ur5e_collision_avoidance/install/ur5e_collision_avoidance/local/lib/python3.10/dist-packages/ur5e_collision_avoidance/scripts/robot1_controller.py
-- Up-to-date symlink: /home/deea/ros2_ws/src/ur5e_collision_avoidance/install/ur5e_collision_avoidance/local/lib/python3.10/dist-packages/ur5e_collision_avoidance/scripts/robot2_controller.py
-- Up-to-date symlink: /home/deea/ros2_ws/src/ur5e_collision_avoidance/install/ur5e_collision_avoidance/local/lib/python3.10/dist-packages/ur5e_collision_avoidance/scripts/scenario_orchestrator.py
-- Up-to-date symlink: /home/deea/ros2_ws/src/ur5e_collision_avoidance/install/ur5e_collision_avoidance/local/lib/python3.10/dist-packages/ur5e_collision_avoidance/scripts/setup.py
-- Up-to-date symlink: /home/deea/ros2_ws/src/ur5e_collision_avoidance/install/ur5e_collision_avoidance/lib/ur5e_collision_avoidance/collision_monitor.py
-- Up-to-date symlink: /home/deea/ros2_ws/src/ur5e_collision_avoidance/install/ur5e_collision_avoidance/lib/ur5e_collision_avoidance/robot1_controller.py
-- Up-to-date symlink: /home/deea/ros2_ws/src/ur5e_collision_avoidance/install/ur5e_collision_avoidance/lib/ur5e_collision_avoidance/robot2_controller.py
-- Up-to-date symlink: /home/deea/ros2_ws/src/ur5e_collision_avoidance/install/ur5e_collision_avoidance/lib/ur5e_collision_avoidance/scenario_orchestrator.py
[33mCMake Warning (dev) at ament_cmake_symlink_install/ament_cmake_symlink_install.cmake:67 (file):
  Policy CMP0009 is not set: FILE GLOB_RECURSE calls should not follow
  symlinks by default.  Run "cmake --help-policy CMP0009" for policy details.
  Use the cmake_policy command to set the policy and suppress this warning.
Call Stack (most recent call first):
  ament_cmake_symlink_install/ament_cmake_symlink_install.cmake:334 (ament_cmake_symlink_install_directory)
  cmake_install.cmake:46 (include)
This warning is for project developers.  Use -Wno-dev to suppress it.
[0m
-- Up-to-date symlink: /home/deea/ros2_ws/src/ur5e_collision_avoidance/install/ur5e_collision_avoidance/share/ur5e_collision_avoidance/launch/build/.built_by
-- Up-to-date symlink: /home/deea/ros2_ws/src/ur5e_collision_avoidance/install/ur5e_collision_avoidance/share/ur5e_collision_avoidance/launch/build/COLCON_IGNORE
-- Up-to-date symlink: /home/deea/ros2_ws/src/ur5e_collision_avoidance/install/ur5e_collision_avoidance/share/ur5e_collision_avoidance/launch/install/.colcon_install_layout
-- Up-to-date symlink: /home/deea/ros2_ws/src/ur5e_collision_avoidance/install/ur5e_collision_avoidance/share/ur5e_collision_avoidance/launch/install/COLCON_IGNORE
-- Up-to-date symlink: /home/deea/ros2_ws/src/ur5e_collision_avoidance/install/ur5e_collision_avoidance/share/ur5e_collision_avoidance/launch/install/_local_setup_util_ps1.py
-- Up-to-date symlink: /home/deea/ros2_ws/src/ur5e_collision_avoidance/install/ur5e_collision_avoidance/share/ur5e_collision_avoidance/launch/install/_local_setup_util_sh.py
-- Up-to-date symlink: /home/deea/ros2_ws/src/ur5e_collision_avoidance/install/ur5e_collision_avoidance/share/ur5e_collision_avoidance/launch/install/local_setup.bash
-- Up-to-date symlink: /home/deea/ros2_ws/src/ur5e_collision_avoidance/install/ur5e_collision_avoidance/share/ur5e_collision_avoidance/launch/install/local_setup.ps1
-- Up-to-date symlink: /home/deea/ros2_ws/src/ur5e_collision_avoidance/install/ur5e_collision_avoidance/share/ur5e_collision_avoidance/launch/install/local_setup.sh
-- Up-to-date symlink: /home/deea/ros2_ws/src/ur5e_collision_avoidance/install/ur5e_collision_avoidance/share/ur5e_collision_avoidance/launch/install/local_setup.zsh
-- Up-to-date symlink: /home/deea/ros2_ws/src/ur5e_collision_avoidance/install/ur5e_collision_avoidance/share/ur5e_collision_avoidance/launch/install/setup.bash
-- Up-to-date symlink: /home/deea/ros2_ws/src/ur5e_collision_avoidance/install/ur5e_collision_avoidance/share/ur5e_collision_avoidance/launch/install/setup.ps1
-- Up-to-date symlink: /home/deea/ros2_ws/src/ur5e_collision_avoidance/install/ur5e_collision_avoidance/share/ur5e_collision_avoidance/launch/install/setup.sh
-- Up-to-date symlink: /home/deea/ros2_ws/src/ur5e_collision_avoidance/install/ur5e_collision_avoidance/share/ur5e_collision_avoidance/launch/install/setup.zsh
-- Up-to-date symlink: /home/deea/ros2_ws/src/ur5e_collision_avoidance/install/ur5e_collision_avoidance/share/ur5e_collision_avoidance/launch/log/COLCON_IGNORE
-- Up-to-date symlink: /home/deea/ros2_ws/src/ur5e_collision_avoidance/install/ur5e_collision_avoidance/share/ur5e_collision_avoidance/launch/log/build_2026-03-29_00-50-58/events.log
-- Up-to-date symlink: /home/deea/ros2_ws/src/ur5e_collision_avoidance/install/ur5e_collision_avoidance/share/ur5e_collision_avoidance/launch/log/build_2026-03-29_00-50-58/logger_all.log
-- Up-to-date symlink: /home/deea/ros2_ws/src/ur5e_collision_avoidance/install/ur5e_collision_avoidance/share/ur5e_collision_avoidance/launch/log/latest/events.log
-- Up-to-date symlink: /home/deea/ros2_ws/src/ur5e_collision_avoidance/install/ur5e_collision_avoidance/share/ur5e_collision_avoidance/launch/log/latest/logger_all.log
-- Up-to-date symlink: /home/deea/ros2_ws/src/ur5e_collision_avoidance/install/ur5e_collision_avoidance/share/ur5e_collision_avoidance/launch/log/latest_build/events.log
-- Up-to-date symlink: /home/deea/ros2_ws/src/ur5e_collision_avoidance/install/ur5e_collision_avoidance/share/ur5e_collision_avoidance/launch/log/latest_build/logger_all.log
-- Up-to-date symlink: /home/deea/ros2_ws/src/ur5e_collision_avoidance/install/ur5e_collision_avoidance/share/ur5e_collision_avoidance/launch/simulation.launch.py
-- Symlinking: /home/deea/ros2_ws/src/ur5e_collision_avoidance/install/ur5e_collision_avoidance/share/ur5e_collision_avoidance/launch/visualize.launch.py
-- Up-to-date symlink: /home/deea/ros2_ws/src/ur5e_collision_avoidance/install/ur5e_collision_avoidance/share/ur5e_collision_avoidance/config/collision_avoidance_params.yaml
-- Up-to-date symlink: /home/deea/ros2_ws/src/ur5e_collision_avoidance/install/ur5e_collision_avoidance/share/ur5e_collision_avoidance/config/dual_ur5e_controllers.yaml
-- Up-to-date symlink: /home/deea/ros2_ws/src/ur5e_collision_avoidance/install/ur5e_collision_avoidance/share/ur5e_collision_avoidance/worlds/ur5e_workspace.world
-- Up-to-date symlink: /home/deea/ros2_ws/src/ur5e_collision_avoidance/install/ur5e_collision_avoidance/share/ur5e_collision_avoidance/urdf/dual_ur5e.urdf.xacro
-- Up-to-date symlink: /home/deea/ros2_ws/src/ur5e_collision_avoidance/install/ur5e_collision_avoidance/share/ur5e_collision_avoidance/rviz/dual_ur5e.rviz
-- Up-to-date symlink: /home/deea/ros2_ws/src/ur5e_collision_avoidance/install/ur5e_collision_avoidance/share/ament_index/resource_index/package_run_dependencies/ur5e_collision_avoidance
-- Up-to-date symlink: /home/deea/ros2_ws/src/ur5e_collision_avoidance/install/ur5e_collision_avoidance/share/ament_index/resource_index/parent_prefix_path/ur5e_collision_avoidance
-- Up-to-date symlink: /home/deea/ros2_ws/src/ur5e_collision_avoidance/install/ur5e_collision_avoidance/share/ur5e_collision_avoidance/environment/ament_prefix_path.sh
-- Up-to-date symlink: /home/deea/ros2_ws/src/ur5e_collision_avoidance/install/ur5e_collision_avoidance/share/ur5e_collision_avoidance/environment/ament_prefix_path.dsv
-- Up-to-date symlink: /home/deea/ros2_ws/src/ur5e_collision_avoidance/install/ur5e_collision_avoidance/share/ur5e_collision_avoidance/environment/path.sh
-- Up-to-date symlink: /home/deea/ros2_ws/src/ur5e_collision_avoidance/install/ur5e_collision_avoidance/share/ur5e_collision_avoidance/environment/path.dsv
-- Up-to-date symlink: /home/deea/ros2_ws/src/ur5e_collision_avoidance/install/ur5e_collision_avoidance/share/ur5e_collision_avoidance/local_setup.bash
-- Up-to-date symlink: /home/deea/ros2_ws/src/ur5e_collision_avoidance/install/ur5e_collision_avoidance/share/ur5e_collision_avoidance/local_setup.sh
-- Up-to-date symlink: /home/deea/ros2_ws/src/ur5e_collision_avoidance/install/ur5e_collision_avoidance/share/ur5e_collision_avoidance/local_setup.zsh
-- Up-to-date symlink: /home/deea/ros2_ws/src/ur5e_collision_avoidance/install/ur5e_collision_avoidance/share/ur5e_collision_avoidance/local_setup.dsv
-- Symlinking: /home/deea/ros2_ws/src/ur5e_collision_avoidance/install/ur5e_collision_avoidance/share/ur5e_collision_avoidance/package.dsv
-- Up-to-date symlink: /home/deea/ros2_ws/src/ur5e_collision_avoidance/install/ur5e_collision_avoidance/share/ament_index/resource_index/packages/ur5e_collision_avoidance
-- Up-to-date symlink: /home/deea/ros2_ws/src/ur5e_collision_avoidance/install/ur5e_collision_avoidance/share/ur5e_collision_avoidance/cmake/ur5e_collision_avoidanceConfig.cmake
-- Up-to-date symlink: /home/deea/ros2_ws/src/ur5e_collision_avoidance/install/ur5e_collision_avoidance/share/ur5e_collision_avoidance/cmake/ur5e_collision_avoidanceConfig-version.cmake
-- Up-to-date symlink: /home/deea/ros2_ws/src/ur5e_collision_avoidance/install/ur5e_collision_avoidance/share/ur5e_collision_avoidance/package.xml
Listing '/home/deea/ros2_ws/src/ur5e_collision_avoidance/install/ur5e_collision_avoidance/local/lib/python3.10/dist-packages/ur5e_collision_avoidance'...
Listing '/home/deea/ros2_ws/src/ur5e_collision_avoidance/install/ur5e_collision_avoidance/local/lib/python3.10/dist-packages/ur5e_collision_avoidance/scripts'...
