-- The C compiler identification is GNU 11.4.0
-- The CXX compiler identification is GNU 11.4.0
-- Detecting C compiler ABI info
-- Detecting C compiler ABI info - done
-- Check for working C compiler: /usr/bin/cc - skipped
-- Detecting C compile features
-- Detecting C compile features - done
-- Detecting CXX compiler ABI info
-- Detecting CXX compiler ABI info - done
-- Check for working CXX compiler: /usr/bin/c++ - skipped
-- Detecting CXX compile features
-- Detecting CXX compile features - done
-- Found ament_cmake: 1.3.14 (/opt/ros/humble/share/ament_cmake/cmake)
-- Found Python3: /usr/bin/python3 (found version "3.10.12") found components: Interpreter 
-- Override CMake install command with custom implementation using symlinks instead of copying resources
-- Found rclcpp: 16.0.18 (/opt/ros/humble/share/rclcpp/cmake)
-- Found rosidl_generator_c: 3.1.8 (/opt/ros/humble/share/rosidl_generator_c/cmake)
-- Found rosidl_adapter: 3.1.8 (/opt/ros/humble/share/rosidl_adapter/cmake)
-- Found rosidl_generator_cpp: 3.1.8 (/opt/ros/humble/share/rosidl_generator_cpp/cmake)
-- Using all available rosidl_typesupport_c: rosidl_typesupport_fastrtps_c;rosidl_typesupport_introspection_c
-- Using all available rosidl_typesupport_cpp: rosidl_typesupport_fastrtps_cpp;rosidl_typesupport_introspection_cpp
-- Found rmw_implementation_cmake: 6.1.2 (/opt/ros/humble/share/rmw_implementation_cmake/cmake)
-- Found rmw_fastrtps_cpp: 6.2.10 (/opt/ros/humble/share/rmw_fastrtps_cpp/cmake)
-- Found OpenSSL: /usr/lib/x86_64-linux-gnu/libcrypto.so (found version "3.0.2")  
-- Found FastRTPS: /opt/ros/humble/include  
-- Using RMW implementation 'rmw_fastrtps_cpp' as default
-- Looking for pthread.h
-- Looking for pthread.h - found
-- Performing Test CMAKE_HAVE_LIBC_PTHREAD
-- Performing Test CMAKE_HAVE_LIBC_PTHREAD - Success
-- Found Threads: TRUE  
-- Found rclpy: 3.3.21 (/opt/ros/humble/share/rclpy/cmake)
-- Found geometry_msgs: 4.9.1 (/opt/ros/humble/share/geometry_msgs/cmake)
-- Found sensor_msgs: 4.9.1 (/opt/ros/humble/share/sensor_msgs/cmake)
-- Found visualization_msgs: 4.9.1 (/opt/ros/humble/share/visualization_msgs/cmake)
-- Found tf2: 0.25.19 (/opt/ros/humble/share/tf2/cmake)
-- Found tf2_ros: 0.25.19 (/opt/ros/humble/share/tf2_ros/cmake)
-- Found ament_lint_auto: 0.12.15 (/opt/ros/humble/share/ament_lint_auto/cmake)
-- Added test 'copyright' to check source files copyright and LICENSE
-- Added test 'cppcheck' to perform static code analysis on C / C++ code
-- Configured cppcheck include dirs: 
-- Configured cppcheck exclude dirs and/or files: 
-- Added test 'cpplint' to check C / C++ code against the Google style
-- Configured cpplint exclude dirs and/or files: 
-- Added test 'flake8' to check Python code syntax and style conventions
-- Added test 'lint_cmake' to check CMake code style
-- Added test 'pep257' to check Python code against some of the docstring style conventions in PEP 257
-- Added test 'uncrustify' to check C / C++ code style
-- Configured uncrustify additional arguments: 
-- Added test 'xmllint' to check XML markup files
-- Configuring done
-- Generating done
-- Build files have been written to: /home/deea/ros2_ws/src/ur5e_collision_avoidance/build/ur5e_collision_avoidance
Built target ament_cmake_python_symlink_ur5e_collision_avoidance
running egg_info
creating ur5e_collision_avoidance.egg-info
writing ur5e_collision_avoidance.egg-info/PKG-INFO
writing dependency_links to ur5e_collision_avoidance.egg-info/dependency_links.txt
writing top-level names to ur5e_collision_avoidance.egg-info/top_level.txt
writing manifest file 'ur5e_collision_avoidance.egg-info/SOURCES.txt'
reading manifest file 'ur5e_collision_avoidance.egg-info/SOURCES.txt'
writing manifest file 'ur5e_collision_avoidance.egg-info/SOURCES.txt'
Built target ament_cmake_python_build_ur5e_collision_avoidance_egg
-- Install configuration: ""
-- Execute custom install script
-- Symlinking: /home/deea/ros2_ws/src/ur5e_collision_avoidance/install/ur5e_collision_avoidance/share/ur5e_collision_avoidance/environment/pythonpath.sh
-- Symlinking: /home/deea/ros2_ws/src/ur5e_collision_avoidance/install/ur5e_collision_avoidance/share/ur5e_collision_avoidance/environment/pythonpath.dsv
-- Symlinking: /home/deea/ros2_ws/src/ur5e_collision_avoidance/install/ur5e_collision_avoidance/local/lib/python3.10/dist-packages/ur5e_collision_avoidance-1.0.0-py3.10.egg-info/PKG-INFO
-- Symlinking: /home/deea/ros2_ws/src/ur5e_collision_avoidance/install/ur5e_collision_avoidance/local/lib/python3.10/dist-packages/ur5e_collision_avoidance-1.0.0-py3.10.egg-info/SOURCES.txt
-- Symlinking: /home/deea/ros2_ws/src/ur5e_collision_avoidance/install/ur5e_collision_avoidance/local/lib/python3.10/dist-packages/ur5e_collision_avoidance-1.0.0-py3.10.egg-info/dependency_links.txt
-- Symlinking: /home/deea/ros2_ws/src/ur5e_collision_avoidance/install/ur5e_collision_avoidance/local/lib/python3.10/dist-packages/ur5e_collision_avoidance-1.0.0-py3.10.egg-info/top_level.txt
-- Symlinking: /home/deea/ros2_ws/src/ur5e_collision_avoidance/install/ur5e_collision_avoidance/local/lib/python3.10/dist-packages/ur5e_collision_avoidance/__init__.py
-- Symlinking: /home/deea/ros2_ws/src/ur5e_collision_avoidance/install/ur5e_collision_avoidance/local/lib/python3.10/dist-packages/ur5e_collision_avoidance/scripts/setup.py
[31mCMake Error at ament_cmake_symlink_install/ament_cmake_symlink_install.cmake:209 (message):
  ament_cmake_symlink_install_programs() can't find
  '/home/deea/ros2_ws/src/ur5e_collision_avoidance/ur5e_collision_avoidance/scripts/collision_monitor.py'
Call Stack (most recent call first):
  ament_cmake_symlink_install/ament_cmake_symlink_install.cmake:331 (ament_cmake_symlink_install_programs)
  cmake_install.cmake:46 (include)

[0m
