Built target ament_cmake_python_symlink_ur5e_collision_avoidance
running egg_info
writing ur5e_collision_avoidance.egg-info/PKG-INFO
writing dependency_links to ur5e_collision_avoidance.egg-info/dependency_links.txt
writing top-level names to ur5e_collision_avoidance.egg-info/top_level.txt
reading manifest file 'ur5e_collision_avoidance.egg-info/SOURCES.txt'
writing manifest file 'ur5e_collision_avoidance.egg-info/SOURCES.txt'
Built target ament_cmake_python_build_ur5e_collision_avoidance_egg
-- Install configuration: ""
-- Execute custom install script
-- Up-to-date symlink: /home/deea/ros2_ws/src/ur5e_collision_avoidance/install/ur5e_collision_avoidance/share/ur5e_collision_avoidance/environment/pythonpath.sh
-- Up-to-date symlink: /home/deea/ros2_ws/src/ur5e_collision_avoidance/install/ur5e_collision_avoidance/share/ur5e_collision_avoidance/environment/pythonpath.dsv
-- Up-to-date symlink: /home/deea/ros2_ws/src/ur5e_collision_avoidance/install/ur5e_collision_avoidance/local/lib/python3.10/dist-packages/ur5e_collision_avoidance-1.0.0-py3.10.egg-info/PKG-INFO
-- Up-to-date symlink: /home/deea/ros2_ws/src/ur5e_collision_avoidance/install/ur5e_collision_avoidance/local/lib/python3.10/dist-packages/ur5e_collision_avoidance-1.0.0-py3.10.egg-info/SOURCES.txt
-- Up-to-date symlink: /home/deea/ros2_ws/src/ur5e_collision_avoidance/install/ur5e_collision_avoidance/local/lib/python3.10/dist-packages/ur5e_collision_avoidance-1.0.0-py3.10.egg-info/dependency_links.txt
-- Up-to-date symlink: /home/deea/ros2_ws/src/ur5e_collision_avoidance/install/ur5e_collision_avoidance/local/lib/python3.10/dist-packages/ur5e_collision_avoidance-1.0.0-py3.10.egg-info/top_level.txt
-- Up-to-date symlink: /home/deea/ros2_ws/src/ur5e_collision_avoidance/install/ur5e_collision_avoidance/local/lib/python3.10/dist-packages/ur5e_collision_avoidance/__init__.py
-- Symlinking: /home/deea/ros2_ws/src/ur5e_collision_avoidance/install/ur5e_collision_avoidance/local/lib/python3.10/dist-packages/ur5e_collision_avoidance/scripts/collision_monitor.py
-- Symlinking: /home/deea/ros2_ws/src/ur5e_collision_avoidance/install/ur5e_collision_avoidance/local/lib/python3.10/dist-packages/ur5e_collision_avoidance/scripts/robot1_controller.py
-- Symlinking: /home/deea/ros2_ws/src/ur5e_collision_avoidance/install/ur5e_collision_avoidance/local/lib/python3.10/dist-packages/ur5e_collision_avoidance/scripts/robot2_controller.py
-- Symlinking: /home/deea/ros2_ws/src/ur5e_collision_avoidance/install/ur5e_collision_avoidance/local/lib/python3.10/dist-packages/ur5e_collision_avoidance/scripts/scenario_orchestrator.py
-- Up-to-date symlink: /home/deea/ros2_ws/src/ur5e_collision_avoidance/install/ur5e_collision_avoidance/local/lib/python3.10/dist-packages/ur5e_collision_avoidance/scripts/setup.py
-- Symlinking: /home/deea/ros2_ws/src/ur5e_collision_avoidance/install/ur5e_collision_avoidance/lib/ur5e_collision_avoidance/collision_monitor.py
-- Symlinking: /home/deea/ros2_ws/src/ur5e_collision_avoidance/install/ur5e_collision_avoidance/lib/ur5e_collision_avoidance/robot1_controller.py
-- Symlinking: /home/deea/ros2_ws/src/ur5e_collision_avoidance/install/ur5e_collision_avoidance/lib/ur5e_collision_avoidance/robot2_controller.py
-- Symlinking: /home/deea/ros2_ws/src/ur5e_collision_avoidance/install/ur5e_collision_avoidance/lib/ur5e_collision_avoidance/scenario_orchestrator.py
-- Symlinking: /home/deea/ros2_ws/src/ur5e_collision_avoidance/install/ur5e_collision_avoidance/share/ur5e_collision_avoidance/launch/build/.built_by
-- Symlinking: /home/deea/ros2_ws/src/ur5e_collision_avoidance/install/ur5e_collision_avoidance/share/ur5e_collision_avoidance/launch/build/COLCON_IGNORE
-- Symlinking: /home/deea/ros2_ws/src/ur5e_collision_avoidance/install/ur5e_collision_avoidance/share/ur5e_collision_avoidance/launch/install/.colcon_install_layout
-- Symlinking: /home/deea/ros2_ws/src/ur5e_collision_avoidance/install/ur5e_collision_avoidance/share/ur5e_collision_avoidance/launch/install/COLCON_IGNORE
-- Symlinking: /home/deea/ros2_ws/src/ur5e_collision_avoidance/install/ur5e_collision_avoidance/share/ur5e_collision_avoidance/launch/install/_local_setup_util_ps1.py
-- Symlinking: /home/deea/ros2_ws/src/ur5e_collision_avoidance/install/ur5e_collision_avoidance/share/ur5e_collision_avoidance/launch/install/_local_setup_util_sh.py
-- Symlinking: /home/deea/ros2_ws/src/ur5e_collision_avoidance/install/ur5e_collision_avoidance/share/ur5e_collision_avoidance/launch/install/local_setup.bash
-- Symlinking: /home/deea/ros2_ws/src/ur5e_collision_avoidance/install/ur5e_collision_avoidance/share/ur5e_collision_avoidance/launch/install/local_setup.ps1
-- Symlinking: /home/deea/ros2_ws/src/ur5e_collision_avoidance/install/ur5e_collision_avoidance/share/ur5e_collision_avoidance/launch/install/local_setup.sh
-- Symlinking: /home/deea/ros2_ws/src/ur5e_collision_avoidance/install/ur5e_collision_avoidance/share/ur5e_collision_avoidance/launch/install/local_setup.zsh
-- Symlinking: /home/deea/ros2_ws/src/ur5e_collision_avoidance/install/ur5e_collision_avoidance/share/ur5e_collision_avoidance/launch/install/setup.bash
-- Symlinking: /home/deea/ros2_ws/src/ur5e_collision_avoidance/install/ur5e_collision_avoidance/share/ur5e_collision_avoidance/launch/install/setup.ps1
-- Symlinking: /home/deea/ros2_ws/src/ur5e_collision_avoidance/install/ur5e_collision_avoidance/share/ur5e_collision_avoidance/launch/install/setup.sh
-- Symlinking: /home/deea/ros2_ws/src/ur5e_collision_avoidance/install/ur5e_collision_avoidance/share/ur5e_collision_avoidance/launch/install/setup.zsh
-- Symlinking: /home/deea/ros2_ws/src/ur5e_collision_avoidance/install/ur5e_collision_avoidance/share/ur5e_collision_avoidance/launch/log/COLCON_IGNORE
-- Symlinking: /home/deea/ros2_ws/src/ur5e_collision_avoidance/install/ur5e_collision_avoidance/share/ur5e_collision_avoidance/launch/log/build_2026-03-29_00-50-58/events.log
-- Symlinking: /home/deea/ros2_ws/src/ur5e_collision_avoidance/install/ur5e_collision_avoidance/share/ur5e_collision_avoidance/launch/log/build_2026-03-29_00-50-58/logger_all.log
-- Symlinking: /home/deea/ros2_ws/src/ur5e_collision_avoidance/install/ur5e_collision_avoidance/share/ur5e_collision_avoidance/launch/log/latest/events.log
-- Symlinking: /home/deea/ros2_ws/src/ur5e_collision_avoidance/install/ur5e_collision_avoidance/share/ur5e_collision_avoidance/launch/log/latest/logger_all.log
-- Symlinking: /home/deea/ros2_ws/src/ur5e_collision_avoidance/install/ur5e_collision_avoidance/share/ur5e_collision_avoidance/launch/log/latest_build/events.log
-- Symlinking: /home/deea/ros2_ws/src/ur5e_collision_avoidance/install/ur5e_collision_avoidance/share/ur5e_collision_avoidance/launch/log/latest_build/logger_all.log
-- Symlinking: /home/deea/ros2_ws/src/ur5e_collision_avoidance/install/ur5e_collision_avoidance/share/ur5e_collision_avoidance/launch/simulation.launch.py
-- Symlinking: /home/deea/ros2_ws/src/ur5e_collision_avoidance/install/ur5e_collision_avoidance/share/ur5e_collision_avoidance/config/collision_avoidance_params.yaml
-- Symlinking: /home/deea/ros2_ws/src/ur5e_collision_avoidance/install/ur5e_collision_avoidance/share/ur5e_collision_avoidance/config/dual_ur5e_controllers.yaml
-- Symlinking: /home/deea/ros2_ws/src/ur5e_collision_avoidance/install/ur5e_collision_avoidance/share/ur5e_collision_avoidance/worlds/ur5e_workspace.world
-- Symlinking: /home/deea/ros2_ws/src/ur5e_collision_avoidance/install/ur5e_collision_avoidance/share/ur5e_collision_avoidance/urdf/dual_ur5e.urdf.xacro
-- Symlinking: /home/deea/ros2_ws/src/ur5e_collision_avoidance/install/ur5e_collision_avoidance/share/ur5e_collision_avoidance/rviz/dual_ur5e.rviz
-- Symlinking: /home/deea/ros2_ws/src/ur5e_collision_avoidance/install/ur5e_collision_avoidance/share/ament_index/resource_index/package_run_dependencies/ur5e_collision_avoidance
-- Symlinking: /home/deea/ros2_ws/src/ur5e_collision_avoidance/install/ur5e_collision_avoidance/share/ament_index/resource_index/parent_prefix_path/ur5e_collision_avoidance
-- Symlinking: /home/deea/ros2_ws/src/ur5e_collision_avoidance/install/ur5e_collision_avoidance/share/ur5e_collision_avoidance/environment/ament_prefix_path.sh
-- Symlinking: /home/deea/ros2_ws/src/ur5e_collision_avoidance/install/ur5e_collision_avoidance/share/ur5e_collision_avoidance/environment/ament_prefix_path.dsv
-- Symlinking: /home/deea/ros2_ws/src/ur5e_collision_avoidance/install/ur5e_collision_avoidance/share/ur5e_collision_avoidance/environment/path.sh
-- Symlinking: /home/deea/ros2_ws/src/ur5e_collision_avoidance/install/ur5e_collision_avoidance/share/ur5e_collision_avoidance/environment/path.dsv
-- Symlinking: /home/deea/ros2_ws/src/ur5e_collision_avoidance/install/ur5e_collision_avoidance/share/ur5e_collision_avoidance/local_setup.bash
-- Symlinking: /home/deea/ros2_ws/src/ur5e_collision_avoidance/install/ur5e_collision_avoidance/share/ur5e_collision_avoidance/local_setup.sh
-- Symlinking: /home/deea/ros2_ws/src/ur5e_collision_avoidance/install/ur5e_collision_avoidance/share/ur5e_collision_avoidance/local_setup.zsh
-- Symlinking: /home/deea/ros2_ws/src/ur5e_collision_avoidance/install/ur5e_collision_avoidance/share/ur5e_collision_avoidance/local_setup.dsv
-- Symlinking: /home/deea/ros2_ws/src/ur5e_collision_avoidance/install/ur5e_collision_avoidance/share/ur5e_collision_avoidance/package.dsv
-- Symlinking: /home/deea/ros2_ws/src/ur5e_collision_avoidance/install/ur5e_collision_avoidance/share/ament_index/resource_index/packages/ur5e_collision_avoidance
-- Symlinking: /home/deea/ros2_ws/src/ur5e_collision_avoidance/install/ur5e_collision_avoidance/share/ur5e_collision_avoidance/cmake/ur5e_collision_avoidanceConfig.cmake
-- Symlinking: /home/deea/ros2_ws/src/ur5e_collision_avoidance/install/ur5e_collision_avoidance/share/ur5e_collision_avoidance/cmake/ur5e_collision_avoidanceConfig-version.cmake
-- Symlinking: /home/deea/ros2_ws/src/ur5e_collision_avoidance/install/ur5e_collision_avoidance/share/ur5e_collision_avoidance/package.xml
Listing '/home/deea/ros2_ws/src/ur5e_collision_avoidance/install/ur5e_collision_avoidance/local/lib/python3.10/dist-packages/ur5e_collision_avoidance'...
Compiling '/home/deea/ros2_ws/src/ur5e_collision_avoidance/install/ur5e_collision_avoidance/local/lib/python3.10/dist-packages/ur5e_collision_avoidance/__init__.py'...
Listing '/home/deea/ros2_ws/src/ur5e_collision_avoidance/install/ur5e_collision_avoidance/local/lib/python3.10/dist-packages/ur5e_collision_avoidance/scripts'...
Compiling '/home/deea/ros2_ws/src/ur5e_collision_avoidance/install/ur5e_collision_avoidance/local/lib/python3.10/dist-packages/ur5e_collision_avoidance/scripts/collision_monitor.py'...
Compiling '/home/deea/ros2_ws/src/ur5e_collision_avoidance/install/ur5e_collision_avoidance/local/lib/python3.10/dist-packages/ur5e_collision_avoidance/scripts/robot1_controller.py'...
Compiling '/home/deea/ros2_ws/src/ur5e_collision_avoidance/install/ur5e_collision_avoidance/local/lib/python3.10/dist-packages/ur5e_collision_avoidance/scripts/robot2_controller.py'...
Compiling '/home/deea/ros2_ws/src/ur5e_collision_avoidance/install/ur5e_collision_avoidance/local/lib/python3.10/dist-packages/ur5e_collision_avoidance/scripts/scenario_orchestrator.py'...
Compiling '/home/deea/ros2_ws/src/ur5e_collision_avoidance/install/ur5e_collision_avoidance/local/lib/python3.10/dist-packages/ur5e_collision_avoidance/scripts/setup.py'...
